app/build/intermediates/manifest_merge_blame_file/debug/manifest-merger-blame-debug-report.txt
1<?xml version="1.0" encoding="utf-8"?>
2<manifest xmlns:android="http://schemas.android.com/apk/res/android"
3    package="com.moringaschool.mycookbook"
4    android:versionCode="1"
5    android:versionName="1.0" >
6
7    <uses-sdk
8        android:minSdkVersion="16"
8-->src/main/AndroidManifest.xml
9        android:targetSdkVersion="30" />
9-->src/main/AndroidManifest.xml
10
11    <uses-permission android:name="android.permission.INTERNET" />
11-->src/main/AndroidManifest.xml:5:5-67
11-->src/main/AndroidManifest.xml:5:22-64
12
13    <!-- Although the *SdkVersion is captured in gradle build files, this is required for non gradle builds -->
14    <!-- <uses-sdk android:minSdkVersion="14"/> -->
15    <uses-permission android:name="android.permission.ACCESS_NETWORK_STATE" />
15-->[com.google.firebase:firebase-database:19.3.1] AndroidManifest.xml:25:5-79
15-->[com.google.firebase:firebase-database:19.3.1] AndroidManifest.xml:25:22-76
16    <uses-permission android:name="android.permission.WAKE_LOCK" />
16-->[com.google.android.gms:play-services-measurement-api:17.5.0] AndroidManifest.xml:24:5-68
16-->[com.google.android.gms:play-services-measurement-api:17.5.0] AndroidManifest.xml:24:22-65
17    <uses-permission android:name="com.google.android.finsky.permission.BIND_GET_INSTALL_REFERRER_SERVICE" />
17-->[com.google.android.gms:play-services-measurement:17.5.0] AndroidManifest.xml:26:5-110
17-->[com.google.android.gms:play-services-measurement:17.5.0] AndroidManifest.xml:26:22-107
18
19    <application
19-->src/main/AndroidManifest.xml:7:5-36:19
20        android:allowBackup="true"
20-->src/main/AndroidManifest.xml:8:9-35
21        android:appComponentFactory="androidx.core.app.CoreComponentFactory"
21-->[androidx.core:core:1.3.0] AndroidManifest.xml:24:18-86
22        android:debuggable="true"
23        android:icon="@mipmap/ic_launcher"
23-->src/main/AndroidManifest.xml:9:9-43
24        android:label="@string/app_name"
24-->src/main/AndroidManifest.xml:10:9-41
25        android:roundIcon="@mipmap/ic_launcher_round"
25-->src/main/AndroidManifest.xml:11:9-54
26        android:supportsRtl="true"
26-->src/main/AndroidManifest.xml:12:9-35
27        android:testOnly="true"
28        android:theme="@style/AppTheme" >
28-->src/main/AndroidManifest.xml:13:9-40
29        <activity android:name="com.moringaschool.mycookbook.LoginActivity" >
29-->src/main/AndroidManifest.xml:14:9-20:20
29-->src/main/AndroidManifest.xml:14:19-48
30            <intent-filter>
30-->src/main/AndroidManifest.xml:15:13-19:29
31                <action android:name="android.intent.action.MAIN" />
31-->src/main/AndroidManifest.xml:16:17-69
31-->src/main/AndroidManifest.xml:16:25-66
32                <action android:name="android.intent.action.VIEW" />
32-->src/main/AndroidManifest.xml:17:17-68
32-->src/main/AndroidManifest.xml:17:25-66
33
34                <category android:name="android.intent.category.LAUNCHER" />
34-->src/main/AndroidManifest.xml:18:17-77
34-->src/main/AndroidManifest.xml:18:27-74
35            </intent-filter>
36        </activity>
37        <activity android:name="com.moringaschool.mycookbook.CreateAccountActivity" />
37-->src/main/AndroidManifest.xml:21:9-59
37-->src/main/AndroidManifest.xml:21:19-56
38        <activity android:name="com.moringaschool.mycookbook.SavedRecipeListActivity" />
38-->src/main/AndroidManifest.xml:22:9-61
38-->src/main/AndroidManifest.xml:22:19-58
39        <activity android:name="com.moringaschool.mycookbook.MainActivity" >
39-->src/main/AndroidManifest.xml:23:9-25:20
39-->src/main/AndroidManifest.xml:23:19-47
40        </activity>
41        <activity android:name="com.moringaschool.mycookbook.CookbookActivity" >
41-->src/main/AndroidManifest.xml:26:9-30:20
41-->src/main/AndroidManifest.xml:26:19-51
42            <meta-data
42-->src/main/AndroidManifest.xml:27:13-29:77
43                android:name="android.support.PARENT_ACTIVITY"
43-->src/main/AndroidManifest.xml:28:17-63
44                android:value="com.moringaschool.mycookbook.MainActivity" />
44-->src/main/AndroidManifest.xml:29:17-74
45        </activity>
46        <activity android:name="com.moringaschool.mycookbook.AddToCookbookActivity" >
46-->src/main/AndroidManifest.xml:31:9-35:20
46-->src/main/AndroidManifest.xml:31:19-56
47            <meta-data
47-->src/main/AndroidManifest.xml:27:13-29:77
48                android:name="android.support.PARENT_ACTIVITY"
48-->src/main/AndroidManifest.xml:28:17-63
49                android:value="com.moringaschool.mycookbook.MainActivity" />
49-->src/main/AndroidManifest.xml:29:17-74
50        </activity>
51
52        <provider
52-->[com.squareup.picasso:picasso:2.71828] AndroidManifest.xml:8:9-11:40
53            android:name="com.squareup.picasso.PicassoProvider"
53-->[com.squareup.picasso:picasso:2.71828] AndroidManifest.xml:9:13-64
54            android:authorities="com.moringaschool.mycookbook.com.squareup.picasso"
54-->[com.squareup.picasso:picasso:2.71828] AndroidManifest.xml:10:13-72
55            android:exported="false" />
55-->[com.squareup.picasso:picasso:2.71828] AndroidManifest.xml:11:13-37
56
57        <service
57-->[com.google.firebase:firebase-database:19.3.1] AndroidManifest.xml:29:9-35:19
58            android:name="com.google.firebase.components.ComponentDiscoveryService"
58-->[com.google.firebase:firebase-database:19.3.1] AndroidManifest.xml:30:13-84
59            android:directBootAware="true"
59-->[com.google.firebase:firebase-common:19.3.0] AndroidManifest.xml:34:13-43
60            android:exported="false" >
60-->[com.google.firebase:firebase-database:19.3.1] AndroidManifest.xml:31:13-37
61            <meta-data
61-->[com.google.firebase:firebase-database:19.3.1] AndroidManifest.xml:32:13-34:85
62                android:name="com.google.firebase.components:com.google.firebase.database.DatabaseRegistrar"
62-->[com.google.firebase:firebase-database:19.3.1] AndroidManifest.xml:33:17-109
63                android:value="com.google.firebase.components.ComponentRegistrar" />
63-->[com.google.firebase:firebase-database:19.3.1] AndroidManifest.xml:34:17-82
64            <meta-data
64-->[com.google.firebase:firebase-auth:19.3.2] AndroidManifest.xml:36:13-38:85
65                android:name="com.google.firebase.components:com.google.firebase.auth.FirebaseAuthRegistrar"
65-->[com.google.firebase:firebase-auth:19.3.2] AndroidManifest.xml:37:17-109
66                android:value="com.google.firebase.components.ComponentRegistrar" />
66-->[com.google.firebase:firebase-auth:19.3.2] AndroidManifest.xml:38:17-82
67            <meta-data
67-->[com.google.android.gms:play-services-measurement-api:17.5.0] AndroidManifest.xml:30:13-32:85
68                android:name="com.google.firebase.components:com.google.firebase.analytics.connector.internal.AnalyticsConnectorRegistrar"
68-->[com.google.android.gms:play-services-measurement-api:17.5.0] AndroidManifest.xml:31:17-139
69                android:value="com.google.firebase.components.ComponentRegistrar" />
69-->[com.google.android.gms:play-services-measurement-api:17.5.0] AndroidManifest.xml:32:17-82
70            <meta-data
70-->[com.google.firebase:firebase-installations:16.3.2] AndroidManifest.xml:17:13-19:85
71                android:name="com.google.firebase.components:com.google.firebase.installations.FirebaseInstallationsRegistrar"
71-->[com.google.firebase:firebase-installations:16.3.2] AndroidManifest.xml:18:17-127
72                android:value="com.google.firebase.components.ComponentRegistrar" />
72-->[com.google.firebase:firebase-installations:16.3.2] AndroidManifest.xml:19:17-82
73        </service>
74
75        <activity
75-->[com.google.firebase:firebase-auth:19.3.2] AndroidManifest.xml:24:9-31:50
76            android:name="com.google.firebase.auth.internal.FederatedSignInActivity"
76-->[com.google.firebase:firebase-auth:19.3.2] AndroidManifest.xml:25:13-85
77            android:excludeFromRecents="true"
77-->[com.google.firebase:firebase-auth:19.3.2] AndroidManifest.xml:26:13-46
78            android:exported="true"
78-->[com.google.firebase:firebase-auth:19.3.2] AndroidManifest.xml:27:13-36
79            android:launchMode="singleTask"
79-->[com.google.firebase:firebase-auth:19.3.2] AndroidManifest.xml:28:13-44
80            android:permission="com.google.firebase.auth.api.gms.permission.LAUNCH_FEDERATED_SIGN_IN"
80-->[com.google.firebase:firebase-auth:19.3.2] AndroidManifest.xml:29:13-102
81            android:theme="@android:style/Theme.Translucent.NoTitleBar" />
81-->[com.google.firebase:firebase-auth:19.3.2] AndroidManifest.xml:30:13-72
82
83        <provider
83-->[com.google.firebase:firebase-common:19.3.0] AndroidManifest.xml:26:9-30:39
84            android:name="com.google.firebase.provider.FirebaseInitProvider"
84-->[com.google.firebase:firebase-common:19.3.0] AndroidManifest.xml:27:13-77
85            android:authorities="com.moringaschool.mycookbook.firebaseinitprovider"
85-->[com.google.firebase:firebase-common:19.3.0] AndroidManifest.xml:28:13-72
86            android:exported="false"
86-->[com.google.firebase:firebase-common:19.3.0] AndroidManifest.xml:29:13-37
87            android:initOrder="100" />
87-->[com.google.firebase:firebase-common:19.3.0] AndroidManifest.xml:30:13-36
88
89        <activity
89-->[com.google.android.gms:play-services-base:17.1.0] AndroidManifest.xml:23:9-26:75
90            android:name="com.google.android.gms.common.api.GoogleApiActivity"
90-->[com.google.android.gms:play-services-base:17.1.0] AndroidManifest.xml:24:13-79
91            android:exported="false"
91-->[com.google.android.gms:play-services-base:17.1.0] AndroidManifest.xml:25:13-37
92            android:theme="@android:style/Theme.Translucent.NoTitleBar" />
92-->[com.google.android.gms:play-services-base:17.1.0] AndroidManifest.xml:26:13-72
93
94        <receiver
94-->[com.google.android.gms:play-services-measurement:17.5.0] AndroidManifest.xml:29:9-33:20
95            android:name="com.google.android.gms.measurement.AppMeasurementReceiver"
95-->[com.google.android.gms:play-services-measurement:17.5.0] AndroidManifest.xml:30:13-85
96            android:enabled="true"
96-->[com.google.android.gms:play-services-measurement:17.5.0] AndroidManifest.xml:31:13-35
97            android:exported="false" >
97-->[com.google.android.gms:play-services-measurement:17.5.0] AndroidManifest.xml:32:13-37
98        </receiver>
99
100        <service
100-->[com.google.android.gms:play-services-measurement:17.5.0] AndroidManifest.xml:35:9-38:40
101            android:name="com.google.android.gms.measurement.AppMeasurementService"
101-->[com.google.android.gms:play-services-measurement:17.5.0] AndroidManifest.xml:36:13-84
102            android:enabled="true"
102-->[com.google.android.gms:play-services-measurement:17.5.0] AndroidManifest.xml:37:13-35
103            android:exported="false" />
103-->[com.google.android.gms:play-services-measurement:17.5.0] AndroidManifest.xml:38:13-37
104        <service
104-->[com.google.android.gms:play-services-measurement:17.5.0] AndroidManifest.xml:39:9-43:72
105            android:name="com.google.android.gms.measurement.AppMeasurementJobService"
105-->[com.google.android.gms:play-services-measurement:17.5.0] AndroidManifest.xml:40:13-87
106            android:enabled="true"
106-->[com.google.android.gms:play-services-measurement:17.5.0] AndroidManifest.xml:41:13-35
107            android:exported="false"
107-->[com.google.android.gms:play-services-measurement:17.5.0] AndroidManifest.xml:42:13-37
108            android:permission="android.permission.BIND_JOB_SERVICE" />
108-->[com.google.android.gms:play-services-measurement:17.5.0] AndroidManifest.xml:43:13-69
109
110        <meta-data
110-->[com.google.android.gms:play-services-basement:17.0.0] AndroidManifest.xml:23:9-25:69
111            android:name="com.google.android.gms.version"
111-->[com.google.android.gms:play-services-basement:17.0.0] AndroidManifest.xml:24:13-58
112            android:value="@integer/google_play_services_version" />
112-->[com.google.android.gms:play-services-basement:17.0.0] AndroidManifest.xml:25:13-66
113    </application>
114
115</manifest>